{"/home/benevides/Documents/projects/testing-vue/babel.config.js": {"path":"/home/benevides/Documents/projects/testing-vue/babel.config.js","statementMap":{"0":{"start":{"line":1,"column":0},"end":{"line":5,"column":1}}},"fnMap":{},"branchMap":{},"s":{"0":0},"f":{},"b":{},"hash":"3d4aa44c0edee26114d427d93b559617efbb2765"}
,"/home/benevides/Documents/projects/testing-vue/jest.config.js": {"path":"/home/benevides/Documents/projects/testing-vue/jest.config.js","statementMap":{"0":{"start":{"line":1,"column":0},"end":{"line":5,"column":1}}},"fnMap":{},"branchMap":{},"s":{"0":0},"f":{},"b":{},"hash":"2cef9d4ef4790cefe623745fa703fb92f0385bd5"}
,"/home/benevides/Documents/projects/testing-vue/postcss.config.js": {"path":"/home/benevides/Documents/projects/testing-vue/postcss.config.js","statementMap":{"0":{"start":{"line":1,"column":0},"end":{"line":5,"column":1}}},"fnMap":{},"branchMap":{},"s":{"0":0},"f":{},"b":{},"hash":"7eef9f5b4f119c47954e99e0513e62444496c7c5"}
,"/home/benevides/Documents/projects/testing-vue/src/main.js": {"path":"/home/benevides/Documents/projects/testing-vue/src/main.js","statementMap":{"0":{"start":{"line":6,"column":0},"end":{"line":6,"column":32}},"1":{"start":{"line":8,"column":0},"end":{"line":12,"column":17}},"2":{"start":{"line":11,"column":15},"end":{"line":11,"column":21}}},"fnMap":{"0":{"name":"(anonymous_0)","decl":{"start":{"line":11,"column":10},"end":{"line":11,"column":11}},"loc":{"start":{"line":11,"column":15},"end":{"line":11,"column":21}},"line":11}},"branchMap":{},"s":{"0":0,"1":0,"2":0},"f":{"0":0},"b":{},"hash":"f35a6077028f2e8b3796f1ee1beef469923602ec"}
,"/home/benevides/Documents/projects/testing-vue/src/components/FancyHeading.vue": {"path":"/home/benevides/Documents/projects/testing-vue/src/components/FancyHeading.vue","statementMap":{"0":{"start":{"line":8,"column":0},"end":{"line":8,"column":null}}},"fnMap":{"0":{"name":"(anonymous_1)","decl":{"start":{"line":7,"column":0},"end":{"line":7,"column":null}},"loc":{"start":{"line":7,"column":0},"end":{"line":13,"column":null}}}},"branchMap":{},"s":{"0":2},"f":{"0":2},"b":{}}
,"/home/benevides/Documents/projects/testing-vue/src/router/index.js": {"path":"/home/benevides/Documents/projects/testing-vue/src/router/index.js","statementMap":{"0":{"start":{"line":5,"column":0},"end":{"line":5,"column":18}},"1":{"start":{"line":7,"column":15},"end":{"line":21,"column":1}},"2":{"start":{"line":19,"column":21},"end":{"line":19,"column":81}},"3":{"start":{"line":23,"column":15},"end":{"line":27,"column":2}}},"fnMap":{"0":{"name":"(anonymous_0)","decl":{"start":{"line":19,"column":15},"end":{"line":19,"column":16}},"loc":{"start":{"line":19,"column":21},"end":{"line":19,"column":81}},"line":19}},"branchMap":{},"s":{"0":0,"1":0,"2":0,"3":0},"f":{"0":0},"b":{},"hash":"1873d9aeec2edb84d564fa51da37eb77a88eb0f9"}
,"/home/benevides/Documents/projects/testing-vue/src/store/index.js": {"path":"/home/benevides/Documents/projects/testing-vue/src/store/index.js","statementMap":{"0":{"start":{"line":4,"column":0},"end":{"line":4,"column":13}}},"fnMap":{},"branchMap":{},"s":{"0":0},"f":{},"b":{},"hash":"e57d8f49cfe9f23c6e7f5284524f1150f8bcfac8"}
,"/home/benevides/Documents/projects/testing-vue/src/views/Home.vue": {"path":"/home/benevides/Documents/projects/testing-vue/src/views/Home.vue","statementMap":{"0":{"start":{"line":10,"column":0},"end":{"line":10,"column":null}}},"fnMap":{},"branchMap":{},"s":{"0":0},"f":{},"b":{}}
}
